<?xml version="1.0" encoding="utf-8"?><testsuites><testsuite name="pytest" errors="0" failures="0" skipped="0" tests="13" time="5.309" timestamp="2023-11-01T21:51:37.570061" hostname="a35c0ad9b1e2"><testcase classname="mnt.extra-addons.mrp_production_split.tests.test_mrp_production_split.TestMrpProductionSplit" name="test_mrp_production_split_cancel" time="2.772" /><testcase classname="mnt.extra-addons.mrp_production_split.tests.test_mrp_production_split.TestMrpProductionSplit" name="test_mrp_production_split_draft" time="0.019" /><testcase classname="mnt.extra-addons.mrp_production_split.tests.test_mrp_production_split.TestMrpProductionSplit" name="test_mrp_production_split_lot_custom" time="0.237" /><testcase classname="mnt.extra-addons.mrp_production_split.tests.test_mrp_production_split.TestMrpProductionSplit" name="test_mrp_production_split_lot_custom_float" time="0.200" /><testcase classname="mnt.extra-addons.mrp_production_split.tests.test_mrp_production_split.TestMrpProductionSplit" name="test_mrp_production_split_lot_custom_float_locale" time="0.200" /><testcase classname="mnt.extra-addons.mrp_production_split.tests.test_mrp_production_split.TestMrpProductionSplit" name="test_mrp_production_split_lot_custom_incomplete" time="0.182" /><testcase classname="mnt.extra-addons.mrp_production_split.tests.test_mrp_production_split.TestMrpProductionSplit" name="test_mrp_production_split_lot_equal" time="0.176" /><testcase classname="mnt.extra-addons.mrp_production_split.tests.test_mrp_production_split.TestMrpProductionSplit" name="test_mrp_production_split_lot_simple" time="0.166" /><testcase classname="mnt.extra-addons.mrp_production_split.tests.test_mrp_production_split.TestMrpProductionSplit" name="test_mrp_production_split_lot_simple_copy_date_planned" time="0.167" /><testcase classname="mnt.extra-addons.mrp_production_split.tests.test_mrp_production_split.TestMrpProductionSplit" name="test_mrp_production_split_lot_simple_with_qty_producing_exceeded" time="0.080" /><testcase classname="mnt.extra-addons.mrp_production_split.tests.test_mrp_production_split.TestMrpProductionSplit" name="test_mrp_production_split_lot_simple_zero_qty" time="0.144" /><testcase classname="mnt.extra-addons.mrp_production_split.tests.test_mrp_production_split.TestMrpProductionSplit" name="test_mrp_production_split_serial" time="0.236" /><testcase classname="mnt.extra-addons.product_configurator_mrp_component_ext.tests.test_mrp_bom_line_config.MrpBomLineConfig" name="test_00_user_access_MrpBomLineConfig" time="0.046" /></testsuite></testsuites>